<?xml version="1.0" encoding="utf-8"?><testsuites name="pytest tests"><testsuite name="pytest" errors="0" failures="0" skipped="0" tests="25" time="2.964" timestamp="2026-04-20T07:58:49.367451+00:00" hostname="agent-env-1565f809-332e-4721-b9fa-1ffbb829f2b0"><testcase classname="backend.tests.test_hernet_api.TestHealth" name="test_root" time="0.256" /><testcase classname="backend.tests.test_hernet_api.TestAuth" name="test_register_user" time="0.279" /><testcase classname="backend.tests.test_hernet_api.TestAuth" name="test_register_authority" time="0.271" /><testcase classname="backend.tests.test_hernet_api.TestAuth" name="test_register_duplicate_email" time="0.046" /><testcase classname="backend.tests.test_hernet_api.TestAuth" name="test_admin_login_seeded" time="0.265" /><testcase classname="backend.tests.test_hernet_api.TestAuth" name="test_login_wrong_password" time="0.266" /><testcase classname="backend.tests.test_hernet_api.TestAuth" name="test_login_role_mismatch" time="0.266" /><testcase classname="backend.tests.test_hernet_api.TestAuth" name="test_me_with_token" time="0.067" /><testcase classname="backend.tests.test_hernet_api.TestAuth" name="test_me_without_token" time="0.042" /><testcase classname="backend.tests.test_hernet_api.TestContacts" name="test_contacts_crud" time="0.231" /><testcase classname="backend.tests.test_hernet_api.TestContacts" name="test_contacts_requires_auth" time="0.041" /><testcase classname="backend.tests.test_hernet_api.TestSOS" name="test_trigger_and_my" time="0.130" /><testcase classname="backend.tests.test_hernet_api.TestSOS" name="test_active_as_authority" time="0.044" /><testcase classname="backend.tests.test_hernet_api.TestSOS" name="test_active_as_user_forbidden" time="0.082" /><testcase classname="backend.tests.test_hernet_api.TestSOS" name="test_resolve_as_authority" time="0.087" /><testcase classname="backend.tests.test_hernet_api.TestSOS" name="test_resolve_as_user_forbidden" time="0.087" /><testcase classname="backend.tests.test_hernet_api.TestNotificationsStatus" name="test_requires_auth" time="0.045" /><testcase classname="backend.tests.test_hernet_api.TestNotificationsStatus" name="test_status_with_empty_keys" time="0.043" /><testcase classname="backend.tests.test_hernet_api.TestNotificationsStatus" name="test_trigger_with_authority_recipient_still_degrades" time="0.044" /><testcase classname="backend.tests.test_hernet_api.TestAdmin" name="test_stats" time="0.054" /><testcase classname="backend.tests.test_hernet_api.TestAdmin" name="test_stats_as_user_forbidden" time="0.043" /><testcase classname="backend.tests.test_hernet_api.TestAdmin" name="test_users_list" time="0.044" /><testcase classname="backend.tests.test_hernet_api.TestLocation" name="test_ping" time="0.046" /><testcase classname="backend.tests.test_hernet_api.TestPublic" name="test_newsletter_subscribe" time="0.044" /><testcase classname="backend.tests.test_hernet_api.TestPublic" name="test_contact_message" time="0.043" /></testsuite></testsuites>